# JRE version: OpenJDK Runtime Environment Corretto-17.0.12.7.1 (17.0.12+7) (build 17.0.12+7-LTS)
# Java VM: OpenJDK 64-Bit Server VM Corretto-17.0.12.7.1 (17.0.12+7-LTS, mixed mode, sharing, tiered, compressed oops, compressed class ptrs, g1 gc, windows-amd64)
GC Precious Log:
 CPUs: 8 total, 8 available
 Memory: 7103M
 Large Page Support: Disabled
 NUMA Support: Disabled
 Compressed Oops: Enabled (32-bit)
 Heap Region Size: 1M
 Heap Min Capacity: 8M
 Heap Initial Capacity: 112M
 Heap Max Capacity: 1776M
 Pre-touch: Disabled
 Parallel Workers: 8
 Concurrent Workers: 2
 Concurrent Refinement Workers: 8
 Periodic GC: Disabled
Heap:
 garbage-first heap   total 63488K, used 21808K [0x0000000091000000, 0x0000000100000000)
  region size 1024K, 4 young (4096K), 1 survivors (1024K)
 Metaspace       used 41169K, committed 41664K, reserved 1114112K
  class space    used 5507K, committed 5760K, reserved 1048576K
GC Heap History (20 events):
Event: 1.094 GC heap before
{Heap before GC invocations=0 (full 0):
 garbage-first heap   total 114688K, used 22528K [0x0000000091000000, 0x0000000100000000)
  region size 1024K, 23 young (23552K), 0 survivors (0K)
 Metaspace       used 6637K, committed 6848K, reserved 1114112K
  class space    used 802K, committed 896K, reserved 1048576K
}
Event: 1.104 GC heap after
{Heap after GC invocations=1 (full 0):
 garbage-first heap   total 114688K, used 5056K [0x0000000091000000, 0x0000000100000000)
  region size 1024K, 3 young (3072K), 3 survivors (3072K)
 Metaspace       used 6637K, committed 6848K, reserved 1114112K
  class space    used 802K, committed 896K, reserved 1048576K
}
Event: 1.894 GC heap before
{Heap before GC invocations=1 (full 0):
 garbage-first heap   total 114688K, used 32704K [0x0000000091000000, 0x0000000100000000)
  region size 1024K, 31 young (31744K), 3 survivors (3072K)
 Metaspace       used 13365K, committed 13568K, reserved 1114112K
  class space    used 1777K, committed 1856K, reserved 1048576K
}
Event: 1.901 GC heap after
{Heap after GC invocations=2 (full 0):
 garbage-first heap   total 114688K, used 7564K [0x0000000091000000, 0x0000000100000000)
  region size 1024K, 3 young (3072K), 3 survivors (3072K)
 Metaspace       used 13365K, committed 13568K, reserved 1114112K
  class space    used 1777K, committed 1856K, reserved 1048576K
}
Event: 2.788 GC heap before
{Heap before GC invocations=2 (full 0):
 garbage-first heap   total 114688K, used 49548K [0x0000000091000000, 0x0000000100000000)
  region size 1024K, 46 young (47104K), 3 survivors (3072K)
 Metaspace       used 21283K, committed 21504K, reserved 1114112K
  class space    used 2714K, committed 2816K, reserved 1048576K
}
Event: 2.798 GC heap after
{Heap after GC invocations=3 (full 0):
 garbage-first heap   total 114688K, used 10916K [0x0000000091000000, 0x0000000100000000)
  region size 1024K, 6 young (6144K), 6 survivors (6144K)
 Metaspace       used 21283K, committed 21504K, reserved 1114112K
  class space    used 2714K, committed 2816K, reserved 1048576K
}
Event: 3.406 GC heap before
{Heap before GC invocations=4 (full 0):
 garbage-first heap   total 40960K, used 29348K [0x0000000091000000, 0x0000000100000000)
  region size 1024K, 24 young (24576K), 6 survivors (6144K)
 Metaspace       used 24478K, committed 24896K, reserved 1114112K
  class space    used 3159K, committed 3392K, reserved 1048576K
}
Event: 3.419 GC heap after
{Heap after GC invocations=5 (full 0):
 garbage-first heap   total 40960K, used 12632K [0x0000000091000000, 0x0000000100000000)
  region size 1024K, 2 young (2048K), 2 survivors (2048K)
 Metaspace       used 24478K, committed 24896K, reserved 1114112K
  class space    used 3159K, committed 3392K, reserved 1048576K
}
Event: 3.459 GC heap before
{Heap before GC invocations=5 (full 0):
 garbage-first heap   total 40960K, used 12632K [0x0000000091000000, 0x0000000100000000)
  region size 1024K, 3 young (3072K), 2 survivors (2048K)
 Metaspace       used 24725K, committed 25088K, reserved 1114112K
  class space    used 3210K, committed 3392K, reserved 1048576K
}
Event: 3.466 GC heap after
{Heap after GC invocations=6 (full 0):
 garbage-first heap   total 40960K, used 12762K [0x0000000091000000, 0x0000000100000000)
  region size 1024K, 1 young (1024K), 1 survivors (1024K)
 Metaspace       used 24725K, committed 25088K, reserved 1114112K
  class space    used 3210K, committed 3392K, reserved 1048576K
}
Event: 4.040 GC heap before
{Heap before GC invocations=6 (full 0):
 garbage-first heap   total 40960K, used 30170K [0x0000000091000000, 0x0000000100000000)
  region size 1024K, 18 young (18432K), 1 survivors (1024K)
 Metaspace       used 28780K, committed 29184K, reserved 1114112K
  class space    used 3714K, committed 3904K, reserved 1048576K
}
Event: 4.047 GC heap after
{Heap after GC invocations=7 (full 0):
 garbage-first heap   total 40960K, used 13993K [0x0000000091000000, 0x0000000100000000)
  region size 1024K, 2 young (2048K), 2 survivors (2048K)
 Metaspace       used 28780K, committed 29184K, reserved 1114112K
  class space    used 3714K, committed 3904K, reserved 1048576K
}
Event: 4.554 GC heap before
{Heap before GC invocations=7 (full 0):
 garbage-first heap   total 40960K, used 30377K [0x0000000091000000, 0x0000000100000000)
  region size 1024K, 19 young (19456K), 2 survivors (2048K)
 Metaspace       used 32857K, committed 33344K, reserved 1114112K
  class space    used 4338K, committed 4544K, reserved 1048576K
}
Event: 4.558 GC heap after
{Heap after GC invocations=8 (full 0):
 garbage-first heap   total 63488K, used 15507K [0x0000000091000000, 0x0000000100000000)
  region size 1024K, 2 young (2048K), 2 survivors (2048K)
 Metaspace       used 32857K, committed 33344K, reserved 1114112K
  class space    used 4338K, committed 4544K, reserved 1048576K
}
Event: 4.948 GC heap before
{Heap before GC invocations=8 (full 0):
 garbage-first heap   total 63488K, used 29843K [0x0000000091000000, 0x0000000100000000)
  region size 1024K, 17 young (17408K), 2 survivors (2048K)
 Metaspace       used 35489K, committed 35968K, reserved 1114112K
  class space    used 4748K, committed 4992K, reserved 1048576K
}
Event: 4.952 GC heap after
{Heap after GC invocations=9 (full 0):
 garbage-first heap   total 63488K, used 17018K [0x0000000091000000, 0x0000000100000000)
  region size 1024K, 3 young (3072K), 3 survivors (3072K)
 Metaspace       used 35489K, committed 35968K, reserved 1114112K
  class space    used 4748K, committed 4992K, reserved 1048576K
}
Event: 11.230 GC heap before
{Heap before GC invocations=10 (full 0):
 garbage-first heap   total 63488K, used 45690K [0x0000000091000000, 0x0000000100000000)
  region size 1024K, 31 young (31744K), 3 survivors (3072K)
 Metaspace       used 40128K, committed 40640K, reserved 1114112K
  class space    used 5375K, committed 5632K, reserved 1048576K
}
Event: 11.237 GC heap after
{Heap after GC invocations=11 (full 0):
 garbage-first heap   total 63488K, used 19509K [0x0000000091000000, 0x0000000100000000)
  region size 1024K, 4 young (4096K), 4 survivors (4096K)
 Metaspace       used 40128K, committed 40640K, reserved 1114112K
  class space    used 5375K, committed 5632K, reserved 1048576K
}
Event: 11.268 GC heap before
{Heap before GC invocations=11 (full 0):
 garbage-first heap   total 63488K, used 19509K [0x0000000091000000, 0x0000000100000000)
  region size 1024K, 5 young (5120K), 4 survivors (4096K)
 Metaspace       used 40387K, committed 40896K, reserved 1114112K
  class space    used 5411K, committed 5632K, reserved 1048576K
}
Event: 11.272 GC heap after
{Heap after GC invocations=12 (full 0):
 garbage-first heap   total 63488K, used 19760K [0x0000000091000000, 0x0000000100000000)
  region size 1024K, 1 young (1024K), 1 survivors (1024K)
 Metaspace       used 40387K, committed 40896K, reserved 1114112K
  class space    used 5411K, committed 5632K, reserved 1048576K
}

