# JRE version: OpenJDK Runtime Environment Corretto-17.0.12.7.1 (17.0.12+7) (build 17.0.12+7-LTS)
# Java VM: OpenJDK 64-Bit Server VM Corretto-17.0.12.7.1 (17.0.12+7-LTS, mixed mode, sharing, tiered, compressed oops, compressed class ptrs, g1 gc, windows-amd64)
GC Precious Log:
 CPUs: 8 total, 8 available
 Memory: 7103M
 Large Page Support: Disabled
 NUMA Support: Disabled
 Compressed Oops: Enabled (32-bit)
 Heap Region Size: 1M
 Heap Min Capacity: 8M
 Heap Initial Capacity: 112M
 Heap Max Capacity: 1776M
 Pre-touch: Disabled
 Parallel Workers: 8
 Concurrent Workers: 2
 Concurrent Refinement Workers: 8
 Periodic GC: Disabled
Heap:
 garbage-first heap   total 76800K, used 23062K [0x0000000091000000, 0x0000000100000000)
  region size 1024K, 6 young (6144K), 2 survivors (2048K)
 Metaspace       used 41985K, committed 42496K, reserved 1114112K
  class space    used 5595K, committed 5824K, reserved 1048576K
GC Heap History (20 events):
Event: 2.129 GC heap before
{Heap before GC invocations=1 (full 0):
 garbage-first heap   total 114688K, used 30053K [0x0000000091000000, 0x0000000100000000)
  region size 1024K, 28 young (28672K), 3 survivors (3072K)
 Metaspace       used 12652K, committed 12992K, reserved 1114112K
  class space    used 1684K, committed 1856K, reserved 1048576K
}
Event: 2.135 GC heap after
{Heap after GC invocations=2 (full 0):
 garbage-first heap   total 114688K, used 7662K [0x0000000091000000, 0x0000000100000000)
  region size 1024K, 2 young (2048K), 2 survivors (2048K)
 Metaspace       used 12652K, committed 12992K, reserved 1114112K
  class space    used 1684K, committed 1856K, reserved 1048576K
}
Event: 3.316 GC heap before
{Heap before GC invocations=2 (full 0):
 garbage-first heap   total 114688K, used 54766K [0x0000000091000000, 0x0000000100000000)
  region size 1024K, 50 young (51200K), 2 survivors (2048K)
 Metaspace       used 21321K, committed 21504K, reserved 1114112K
  class space    used 2719K, committed 2816K, reserved 1048576K
}
Event: 3.325 GC heap after
{Heap after GC invocations=3 (full 0):
 garbage-first heap   total 114688K, used 11388K [0x0000000091000000, 0x0000000100000000)
  region size 1024K, 6 young (6144K), 6 survivors (6144K)
 Metaspace       used 21321K, committed 21504K, reserved 1114112K
  class space    used 2719K, committed 2816K, reserved 1048576K
}
Event: 4.186 GC heap before
{Heap before GC invocations=4 (full 0):
 garbage-first heap   total 45056K, used 31868K [0x0000000091000000, 0x0000000100000000)
  region size 1024K, 26 young (26624K), 6 survivors (6144K)
 Metaspace       used 25081K, committed 25472K, reserved 1114112K
  class space    used 3245K, committed 3456K, reserved 1048576K
}
Event: 4.201 GC heap after
{Heap after GC invocations=5 (full 0):
 garbage-first heap   total 45056K, used 13020K [0x0000000091000000, 0x0000000100000000)
  region size 1024K, 2 young (2048K), 2 survivors (2048K)
 Metaspace       used 25081K, committed 25472K, reserved 1114112K
  class space    used 3245K, committed 3456K, reserved 1048576K
}
Event: 4.237 GC heap before
{Heap before GC invocations=5 (full 0):
 garbage-first heap   total 45056K, used 14044K [0x0000000091000000, 0x0000000100000000)
  region size 1024K, 3 young (3072K), 2 survivors (2048K)
 Metaspace       used 25371K, committed 25728K, reserved 1114112K
  class space    used 3277K, committed 3456K, reserved 1048576K
}
Event: 4.244 GC heap after
{Heap after GC invocations=6 (full 0):
 garbage-first heap   total 45056K, used 13703K [0x0000000091000000, 0x0000000100000000)
  region size 1024K, 1 young (1024K), 1 survivors (1024K)
 Metaspace       used 25371K, committed 25728K, reserved 1114112K
  class space    used 3277K, committed 3456K, reserved 1048576K
}
Event: 5.091 GC heap before
{Heap before GC invocations=6 (full 0):
 garbage-first heap   total 45056K, used 31111K [0x0000000091000000, 0x0000000100000000)
  region size 1024K, 19 young (19456K), 1 survivors (1024K)
 Metaspace       used 29449K, committed 29952K, reserved 1114112K
  class space    used 3815K, committed 4032K, reserved 1048576K
}
Event: 5.095 GC heap after
{Heap after GC invocations=7 (full 0):
 garbage-first heap   total 45056K, used 14960K [0x0000000091000000, 0x0000000100000000)
  region size 1024K, 2 young (2048K), 2 survivors (2048K)
 Metaspace       used 29449K, committed 29952K, reserved 1114112K
  class space    used 3815K, committed 4032K, reserved 1048576K
}
Event: 5.763 GC heap before
{Heap before GC invocations=7 (full 0):
 garbage-first heap   total 45056K, used 32368K [0x0000000091000000, 0x0000000100000000)
  region size 1024K, 20 young (20480K), 2 survivors (2048K)
 Metaspace       used 33683K, committed 34112K, reserved 1114112K
  class space    used 4467K, committed 4672K, reserved 1048576K
}
Event: 5.767 GC heap after
{Heap after GC invocations=8 (full 0):
 garbage-first heap   total 45056K, used 16501K [0x0000000091000000, 0x0000000100000000)
  region size 1024K, 2 young (2048K), 2 survivors (2048K)
 Metaspace       used 33683K, committed 34112K, reserved 1114112K
  class space    used 4467K, committed 4672K, reserved 1048576K
}
Event: 6.153 GC heap before
{Heap before GC invocations=8 (full 0):
 garbage-first heap   total 45056K, used 25717K [0x0000000091000000, 0x0000000100000000)
  region size 1024K, 13 young (13312K), 2 survivors (2048K)
 Metaspace       used 35520K, committed 35968K, reserved 1114112K
  class space    used 4743K, committed 4928K, reserved 1048576K
}
Event: 6.156 GC heap after
{Heap after GC invocations=9 (full 0):
 garbage-first heap   total 45056K, used 17580K [0x0000000091000000, 0x0000000100000000)
  region size 1024K, 3 young (3072K), 3 survivors (3072K)
 Metaspace       used 35520K, committed 35968K, reserved 1114112K
  class space    used 4743K, committed 4928K, reserved 1048576K
}
Event: 6.753 GC heap before
{Heap before GC invocations=10 (full 0):
 garbage-first heap   total 45056K, used 33964K [0x0000000091000000, 0x0000000100000000)
  region size 1024K, 19 young (19456K), 3 survivors (3072K)
 Metaspace       used 37643K, committed 38080K, reserved 1114112K
  class space    used 5040K, committed 5248K, reserved 1048576K
}
Event: 6.758 GC heap after
{Heap after GC invocations=11 (full 0):
 garbage-first heap   total 45056K, used 19443K [0x0000000091000000, 0x0000000100000000)
  region size 1024K, 3 young (3072K), 3 survivors (3072K)
 Metaspace       used 37643K, committed 38080K, reserved 1114112K
  class space    used 5040K, committed 5248K, reserved 1048576K
}
Event: 6.795 GC heap before
{Heap before GC invocations=11 (full 0):
 garbage-first heap   total 45056K, used 20467K [0x0000000091000000, 0x0000000100000000)
  region size 1024K, 4 young (4096K), 3 survivors (3072K)
 Metaspace       used 37852K, committed 38336K, reserved 1114112K
  class space    used 5071K, committed 5312K, reserved 1048576K
}
Event: 6.798 GC heap after
{Heap after GC invocations=12 (full 0):
 garbage-first heap   total 45056K, used 19201K [0x0000000091000000, 0x0000000100000000)
  region size 1024K, 1 young (1024K), 1 survivors (1024K)
 Metaspace       used 37852K, committed 38336K, reserved 1114112K
  class space    used 5071K, committed 5312K, reserved 1048576K
}
Event: 63.177 GC heap before
{Heap before GC invocations=12 (full 0):
 garbage-first heap   total 45056K, used 33537K [0x0000000091000000, 0x0000000100000000)
  region size 1024K, 15 young (15360K), 1 survivors (1024K)
 Metaspace       used 41293K, committed 41792K, reserved 1114112K
  class space    used 5509K, committed 5760K, reserved 1048576K
}
Event: 63.182 GC heap after
{Heap after GC invocations=13 (full 0):
 garbage-first heap   total 76800K, used 19990K [0x0000000091000000, 0x0000000100000000)
  region size 1024K, 2 young (2048K), 2 survivors (2048K)
 Metaspace       used 41293K, committed 41792K, reserved 1114112K
  class space    used 5509K, committed 5760K, reserved 1048576K
}

