# JRE version: OpenJDK Runtime Environment Corretto-17.0.12.7.1 (17.0.12+7) (build 17.0.12+7-LTS)
# Java VM: OpenJDK 64-Bit Server VM Corretto-17.0.12.7.1 (17.0.12+7-LTS, mixed mode, sharing, tiered, compressed oops, compressed class ptrs, g1 gc, windows-amd64)
GC Precious Log:
 CPUs: 8 total, 8 available
 Memory: 7103M
 Large Page Support: Disabled
 NUMA Support: Disabled
 Compressed Oops: Enabled (32-bit)
 Heap Region Size: 1M
 Heap Min Capacity: 8M
 Heap Initial Capacity: 112M
 Heap Max Capacity: 1776M
 Pre-touch: Disabled
 Parallel Workers: 8
 Concurrent Workers: 2
 Concurrent Refinement Workers: 8
 Periodic GC: Disabled
Heap:
 garbage-first heap   total 51200K, used 34163K [0x0000000091000000, 0x0000000100000000)
  region size 1024K, 19 young (19456K), 2 survivors (2048K)
 Metaspace       used 41513K, committed 41984K, reserved 1114112K
  class space    used 5556K, committed 5824K, reserved 1048576K
GC Heap History (18 events):
Event: 1.033 GC heap before
{Heap before GC invocations=0 (full 0):
 garbage-first heap   total 114688K, used 22528K [0x0000000091000000, 0x0000000100000000)
  region size 1024K, 23 young (23552K), 0 survivors (0K)
 Metaspace       used 6640K, committed 6848K, reserved 1114112K
  class space    used 804K, committed 896K, reserved 1048576K
}
Event: 1.041 GC heap after
{Heap after GC invocations=1 (full 0):
 garbage-first heap   total 114688K, used 5312K [0x0000000091000000, 0x0000000100000000)
  region size 1024K, 3 young (3072K), 3 survivors (3072K)
 Metaspace       used 6640K, committed 6848K, reserved 1114112K
  class space    used 804K, committed 896K, reserved 1048576K
}
Event: 1.767 GC heap before
{Heap before GC invocations=1 (full 0):
 garbage-first heap   total 114688K, used 35008K [0x0000000091000000, 0x0000000100000000)
  region size 1024K, 32 young (32768K), 3 survivors (3072K)
 Metaspace       used 13657K, committed 13888K, reserved 1114112K
  class space    used 1805K, committed 1920K, reserved 1048576K
}
Event: 1.773 GC heap after
{Heap after GC invocations=2 (full 0):
 garbage-first heap   total 114688K, used 7471K [0x0000000091000000, 0x0000000100000000)
  region size 1024K, 3 young (3072K), 3 survivors (3072K)
 Metaspace       used 13657K, committed 13888K, reserved 1114112K
  class space    used 1805K, committed 1920K, reserved 1048576K
}
Event: 2.585 GC heap before
{Heap before GC invocations=2 (full 0):
 garbage-first heap   total 114688K, used 48431K [0x0000000091000000, 0x0000000100000000)
  region size 1024K, 45 young (46080K), 3 survivors (3072K)
 Metaspace       used 21295K, committed 21504K, reserved 1114112K
  class space    used 2715K, committed 2816K, reserved 1048576K
}
Event: 2.593 GC heap after
{Heap after GC invocations=3 (full 0):
 garbage-first heap   total 114688K, used 11054K [0x0000000091000000, 0x0000000100000000)
  region size 1024K, 6 young (6144K), 6 survivors (6144K)
 Metaspace       used 21295K, committed 21504K, reserved 1114112K
  class space    used 2715K, committed 2816K, reserved 1048576K
}
Event: 3.275 GC heap before
{Heap before GC invocations=4 (full 0):
 garbage-first heap   total 40960K, used 31534K [0x0000000091000000, 0x0000000100000000)
  region size 1024K, 27 young (27648K), 6 survivors (6144K)
 Metaspace       used 25336K, committed 25728K, reserved 1114112K
  class space    used 3277K, committed 3456K, reserved 1048576K
}
Event: 3.291 GC heap after
{Heap after GC invocations=5 (full 0):
 garbage-first heap   total 41984K, used 12804K [0x0000000091000000, 0x0000000100000000)
  region size 1024K, 6 young (6144K), 6 survivors (6144K)
 Metaspace       used 25336K, committed 25728K, reserved 1114112K
  class space    used 3277K, committed 3456K, reserved 1048576K
}
Event: 3.828 GC heap before
{Heap before GC invocations=5 (full 0):
 garbage-first heap   total 41984K, used 28164K [0x0000000091000000, 0x0000000100000000)
  region size 1024K, 22 young (22528K), 6 survivors (6144K)
 Metaspace       used 29000K, committed 29440K, reserved 1114112K
  class space    used 3758K, committed 3968K, reserved 1048576K
}
Event: 3.839 GC heap after
{Heap after GC invocations=6 (full 0):
 garbage-first heap   total 41984K, used 14151K [0x0000000091000000, 0x0000000100000000)
  region size 1024K, 2 young (2048K), 2 survivors (2048K)
 Metaspace       used 29000K, committed 29440K, reserved 1114112K
  class space    used 3758K, committed 3968K, reserved 1048576K
}
Event: 4.307 GC heap before
{Heap before GC invocations=6 (full 0):
 garbage-first heap   total 41984K, used 30535K [0x0000000091000000, 0x0000000100000000)
  region size 1024K, 18 young (18432K), 2 survivors (2048K)
 Metaspace       used 32910K, committed 33408K, reserved 1114112K
  class space    used 4346K, committed 4608K, reserved 1048576K
}
Event: 4.311 GC heap after
{Heap after GC invocations=7 (full 0):
 garbage-first heap   total 41984K, used 15640K [0x0000000091000000, 0x0000000100000000)
  region size 1024K, 3 young (3072K), 3 survivors (3072K)
 Metaspace       used 32910K, committed 33408K, reserved 1114112K
  class space    used 4346K, committed 4608K, reserved 1048576K
}
Event: 4.713 GC heap before
{Heap before GC invocations=7 (full 0):
 garbage-first heap   total 41984K, used 31000K [0x0000000091000000, 0x0000000100000000)
  region size 1024K, 18 young (18432K), 3 survivors (3072K)
 Metaspace       used 35530K, committed 36032K, reserved 1114112K
  class space    used 4750K, committed 4992K, reserved 1048576K
}
Event: 4.717 GC heap after
{Heap after GC invocations=8 (full 0):
 garbage-first heap   total 41984K, used 17105K [0x0000000091000000, 0x0000000100000000)
  region size 1024K, 3 young (3072K), 3 survivors (3072K)
 Metaspace       used 35530K, committed 36032K, reserved 1114112K
  class space    used 4750K, committed 4992K, reserved 1048576K
}
Event: 4.743 GC heap before
{Heap before GC invocations=8 (full 0):
 garbage-first heap   total 41984K, used 18129K [0x0000000091000000, 0x0000000100000000)
  region size 1024K, 5 young (5120K), 3 survivors (3072K)
 Metaspace       used 35633K, committed 36096K, reserved 1114112K
  class space    used 4758K, committed 4992K, reserved 1048576K
}
Event: 4.746 GC heap after
{Heap after GC invocations=9 (full 0):
 garbage-first heap   total 41984K, used 17456K [0x0000000091000000, 0x0000000100000000)
  region size 1024K, 1 young (1024K), 1 survivors (1024K)
 Metaspace       used 35633K, committed 36096K, reserved 1114112K
  class space    used 4758K, committed 4992K, reserved 1048576K
}
Event: 5.132 GC heap before
{Heap before GC invocations=10 (full 0):
 garbage-first heap   total 41984K, used 31792K [0x0000000091000000, 0x0000000100000000)
  region size 1024K, 15 young (15360K), 1 survivors (1024K)
 Metaspace       used 37668K, committed 38080K, reserved 1114112K
  class space    used 5053K, committed 5248K, reserved 1048576K
}
Event: 5.136 GC heap after
{Heap after GC invocations=11 (full 0):
 garbage-first heap   total 51200K, used 18803K [0x0000000091000000, 0x0000000100000000)
  region size 1024K, 2 young (2048K), 2 survivors (2048K)
 Metaspace       used 37668K, committed 38080K, reserved 1114112K
  class space    used 5053K, committed 5248K, reserved 1048576K
}

